<?xml version="1.0" encoding="UTF-8"?>
<!-- Generated by org.testng.reporters.JUnitXMLReporter -->
<testsuite ignored="0" hostname="DESKTOP-C55JKVO" failures="1" tests="1" name="Fundraising Test(failed)" time="140.304" errors="0" timestamp="2022-10-18T10:45:09 IST">
  <testcase classname="Testcases.TC_StartTest_004" name="starttest" time="0.023">
    <failure type="java.lang.Error" message="Unresolved compilation problem: 
	LoginPage cannot be resolved to a variable
">
      <![CDATA[java.lang.Error: Unresolved compilation problem: 
LoginPage cannot be resolved to a variable

at Testcases.TC_StartTest_004.starttest(TC_StartTest_004.java:19)
at java.base/java.util.ArrayList.forEach(ArrayList.java:1511)
... Removed 27 stack frames]]>
    </failure>
  </testcase> <!-- starttest -->
</testsuite> <!-- Fundraising Test(failed) -->
